[0804/004325.178:ERROR:process_reader_win.cc(123)] NtOpenThread: {Access Denied} A process has requested access to an object, but has not been granted those access rights. (0xc0000022)
[0804/004325.275:ERROR:exception_snapshot_win.cc(98)] thread ID 14472 not found in process
[0804/004325.178:ERROR:process_reader_win.cc(123)] NtOpenThread: {Access Denied} A process has requested access to an object, but has not been granted those access rights. (0xc0000022)
[0804/004325.178:ERROR:process_reader_win.cc(123)] NtOpenThread: {Access Denied} A process has requested access to an object, but has not been granted those access rights. (0xc0000022)
[0804/004325.178:ERROR:process_reader_win.cc(123)] NtOpenThread: {Access Denied} A process has requested access to an object, but has not been granted those access rights. (0xc0000022)
[0804/004325.178:ERROR:process_reader_win.cc(123)] NtOpenThread: {Access Denied} A process has requested access to an object, but has not been granted those access rights. (0xc0000022)
[0804/004325.275:ERROR:exception_snapshot_win.cc(98)] thread ID 18348 not found in process
[0804/004325.275:ERROR:exception_snapshot_win.cc(98)] thread ID 10704 not found in process
[0804/004325.275:ERROR:exception_snapshot_win.cc(98)] thread ID 17452 not found in process
[0804/004325.299:ERROR:process_reader_win.cc(123)] NtOpenThread: {Access Denied} A process has requested access to an object, but has not been granted those access rights. (0xc0000022)
[0804/004325.299:ERROR:exception_snapshot_win.cc(98)] thread ID 17212 not found in process
[0804/004325.307:ERROR:process_reader_win.cc(123)] NtOpenThread: {Access Denied} A process has requested access to an object, but has not been granted those access rights. (0xc0000022)
[0804/004325.307:ERROR:exception_snapshot_win.cc(98)] thread ID 572 not found in process
[0804/004325.307:ERROR:exception_snapshot_win.cc(98)] thread ID 7548 not found in process
[0804/004325.307:ERROR:process_reader_win.cc(123)] NtOpenThread: {Access Denied} A process has requested access to an object, but has not been granted those access rights. (0xc0000022)
[0804/004325.315:ERROR:exception_snapshot_win.cc(98)] thread ID 8032 not found in process
[0804/004325.315:ERROR:process_reader_win.cc(123)] NtOpenThread: {Access Denied} A process has requested access to an object, but has not been granted those access rights. (0xc0000022)
[0804/004325.315:ERROR:exception_snapshot_win.cc(98)] thread ID 18384 not found in process
[0804/004325.323:ERROR:process_reader_win.cc(123)] NtOpenThread: {Access Denied} A process has requested access to an object, but has not been granted those access rights. (0xc0000022)
[0804/004325.323:ERROR:exception_snapshot_win.cc(98)] thread ID 17380 not found in process
[0804/004325.331:ERROR:process_reader_win.cc(123)] NtOpenThread: {Access Denied} A process has requested access to an object, but has not been granted those access rights. (0xc0000022)
[0804/004325.331:ERROR:exception_snapshot_win.cc(98)] thread ID 18372 not found in process
[0804/004325.347:ERROR:process_reader_win.cc(123)] NtOpenThread: {Access Denied} A process has requested access to an object, but has not been granted those access rights. (0xc0000022)
[0804/004325.347:ERROR:exception_snapshot_win.cc(98)] thread ID 4956 not found in process
[0812/235601.248:ERROR:process_reader_win.cc(151)] SuspendThread: Access is denied. (0x5)
[0812/235601.256:ERROR:process_reader_win.cc(151)] SuspendThread: Access is denied. (0x5)
[0812/235601.248:ERROR:process_reader_win.cc(151)] SuspendThread: Access is denied. (0x5)
[0812/235601.256:ERROR:process_reader_win.cc(151)] SuspendThread: Access is denied. (0x5)
[0812/235601.256:ERROR:process_reader_win.cc(151)] SuspendThread: Access is denied. (0x5)
[0812/235601.280:ERROR:process_reader_win.cc(151)] SuspendThread: Access is denied. (0x5)
[0812/235601.280:ERROR:process_reader_win.cc(151)] SuspendThread: Access is denied. (0x5)
[0812/235601.280:ERROR:process_reader_win.cc(151)] SuspendThread: Access is denied. (0x5)
[0812/235601.280:ERROR:process_reader_win.cc(151)] SuspendThread: Access is denied. (0x5)
[0812/235601.280:ERROR:process_reader_win.cc(151)] SuspendThread: Access is denied. (0x5)
[0812/235601.280:ERROR:process_reader_win.cc(151)] SuspendThread: Access is denied. (0x5)
[0812/235601.280:ERROR:process_reader_win.cc(151)] SuspendThread: Access is denied. (0x5)
[0812/235601.280:ERROR:process_reader_win.cc(151)] SuspendThread: Access is denied. (0x5)
[0812/235601.280:ERROR:process_reader_win.cc(151)] SuspendThread: Access is denied. (0x5)
[0812/235601.280:ERROR:process_reader_win.cc(151)] SuspendThread: Access is denied. (0x5)
[0812/235601.280:ERROR:process_reader_win.cc(151)] SuspendThread: Access is denied. (0x5)
[0812/235601.280:ERROR:process_reader_win.cc(151)] SuspendThread: Access is denied. (0x5)
[0812/235601.280:ERROR:process_reader_win.cc(151)] SuspendThread: Access is denied. (0x5)
[0812/235601.280:ERROR:process_reader_win.cc(151)] SuspendThread: Access is denied. (0x5)
[0812/235601.280:ERROR:process_reader_win.cc(151)] SuspendThread: Access is denied. (0x5)
[0812/235601.280:ERROR:process_reader_win.cc(151)] SuspendThread: Access is denied. (0x5)
[0812/235601.280:ERROR:process_reader_win.cc(151)] SuspendThread: Access is denied. (0x5)
[0812/235601.280:ERROR:process_reader_win.cc(151)] SuspendThread: Access is denied. (0x5)
[0812/235601.280:ERROR:process_reader_win.cc(151)] SuspendThread: Access is denied. (0x5)
[0812/235601.280:ERROR:process_reader_win.cc(151)] SuspendThread: Access is denied. (0x5)
[0812/235601.280:ERROR:process_reader_win.cc(151)] SuspendThread: Access is denied. (0x5)
[0812/235601.288:ERROR:process_reader_win.cc(151)] SuspendThread: Access is denied. (0x5)
[0812/235601.288:ERROR:process_reader_win.cc(151)] SuspendThread: Access is denied. (0x5)
[0812/235601.288:ERROR:process_reader_win.cc(151)] SuspendThread: Access is denied. (0x5)
[0812/235601.288:ERROR:process_reader_win.cc(151)] SuspendThread: Access is denied. (0x5)
[0812/235601.280:ERROR:process_reader_win.cc(151)] SuspendThread: Access is denied. (0x5)
[0812/235601.288:ERROR:process_reader_win.cc(151)] SuspendThread: Access is denied. (0x5)
[0812/235601.288:ERROR:process_reader_win.cc(151)] SuspendThread: Access is denied. (0x5)
[0812/235601.288:ERROR:process_reader_win.cc(151)] SuspendThread: Access is denied. (0x5)
[0812/235601.288:ERROR:process_reader_win.cc(151)] SuspendThread: Access is denied. (0x5)
[0812/235601.288:ERROR:process_reader_win.cc(151)] SuspendThread: Access is denied. (0x5)
[0812/235601.288:ERROR:process_reader_win.cc(151)] SuspendThread: Access is denied. (0x5)
[0812/235601.288:ERROR:process_reader_win.cc(151)] SuspendThread: Access is denied. (0x5)
[0812/235601.288:ERROR:process_reader_win.cc(151)] SuspendThread: Access is denied. (0x5)
[0812/235601.288:ERROR:process_reader_win.cc(151)] SuspendThread: Access is denied. (0x5)
[0812/235601.288:ERROR:process_reader_win.cc(151)] SuspendThread: Access is denied. (0x5)
[0812/235601.288:ERROR:process_reader_win.cc(151)] SuspendThread: Access is denied. (0x5)
[0812/235601.288:ERROR:process_reader_win.cc(151)] SuspendThread: Access is denied. (0x5)
[0812/235601.288:ERROR:process_reader_win.cc(151)] SuspendThread: Access is denied. (0x5)
[0812/235601.288:ERROR:process_reader_win.cc(151)] SuspendThread: Access is denied. (0x5)
[0812/235601.288:ERROR:process_reader_win.cc(151)] SuspendThread: Access is denied. (0x5)
[0812/235601.288:ERROR:process_reader_win.cc(151)] SuspendThread: Access is denied. (0x5)
[0812/235601.288:ERROR:process_reader_win.cc(151)] SuspendThread: Access is denied. (0x5)
[0812/235601.288:ERROR:process_reader_win.cc(151)] SuspendThread: Access is denied. (0x5)
[0812/235601.288:ERROR:process_reader_win.cc(151)] SuspendThread: Access is denied. (0x5)
[0812/235601.288:ERROR:process_reader_win.cc(151)] SuspendThread: Access is denied. (0x5)
[0812/235601.288:ERROR:process_reader_win.cc(151)] SuspendThread: Access is denied. (0x5)
[0812/235601.288:ERROR:process_reader_win.cc(151)] SuspendThread: Access is denied. (0x5)
[0812/235601.288:ERROR:process_reader_win.cc(151)] SuspendThread: Access is denied. (0x5)
[0812/235601.288:ERROR:process_reader_win.cc(151)] SuspendThread: Access is denied. (0x5)
[0812/235601.272:ERROR:process_reader_win.cc(151)] SuspendThread: Access is denied. (0x5)
[0812/235601.288:ERROR:process_reader_win.cc(151)] SuspendThread: Access is denied. (0x5)
[0812/235601.288:ERROR:process_reader_win.cc(151)] SuspendThread: Access is denied. (0x5)
[0812/235601.264:ERROR:process_reader_win.cc(151)] SuspendThread: Access is denied. (0x5)
[0812/235601.288:ERROR:process_reader_win.cc(151)] SuspendThread: Access is denied. (0x5)
[0812/235601.288:ERROR:process_reader_win.cc(151)] SuspendThread: Access is denied. (0x5)
[0812/235601.288:ERROR:process_reader_win.cc(151)] SuspendThread: Access is denied. (0x5)
[0812/235601.288:ERROR:process_reader_win.cc(151)] SuspendThread: Access is denied. (0x5)
[0812/235601.288:ERROR:process_reader_win.cc(151)] SuspendThread: Access is denied. (0x5)
[0812/235601.288:ERROR:process_reader_win.cc(151)] SuspendThread: Access is denied. (0x5)
[0812/235601.288:ERROR:process_reader_win.cc(151)] SuspendThread: Access is denied. (0x5)
[0812/235601.288:ERROR:process_reader_win.cc(151)] SuspendThread: Access is denied. (0x5)
[0812/235601.288:ERROR:process_reader_win.cc(151)] SuspendThread: Access is denied. (0x5)
[0812/235601.288:ERROR:process_reader_win.cc(151)] SuspendThread: Access is denied. (0x5)
[0812/235601.288:ERROR:process_reader_win.cc(151)] SuspendThread: Access is denied. (0x5)
[0812/235601.288:ERROR:process_reader_win.cc(151)] SuspendThread: Access is denied. (0x5)
[0812/235601.288:ERROR:process_reader_win.cc(151)] SuspendThread: Access is denied. (0x5)
[0812/235601.288:ERROR:process_reader_win.cc(151)] SuspendThread: Access is denied. (0x5)
[0812/235601.288:ERROR:process_reader_win.cc(151)] SuspendThread: Access is denied. (0x5)
[0812/235601.288:ERROR:process_reader_win.cc(151)] SuspendThread: Access is denied. (0x5)
[0812/235601.288:ERROR:process_reader_win.cc(151)] SuspendThread: Access is denied. (0x5)
[0812/235601.288:ERROR:process_reader_win.cc(151)] SuspendThread: Access is denied. (0x5)
[0812/235601.288:ERROR:process_reader_win.cc(151)] SuspendThread: Access is denied. (0x5)
[0812/235601.288:ERROR:process_reader_win.cc(151)] SuspendThread: Access is denied. (0x5)
[0812/235601.288:ERROR:process_reader_win.cc(151)] SuspendThread: Access is denied. (0x5)
[0812/235601.288:ERROR:process_reader_win.cc(151)] SuspendThread: Access is denied. (0x5)
[0812/235601.288:ERROR:process_reader_win.cc(151)] SuspendThread: Access is denied. (0x5)
[0812/235601.288:ERROR:process_reader_win.cc(151)] SuspendThread: Access is denied. (0x5)
[0812/235601.288:ERROR:process_reader_win.cc(151)] SuspendThread: Access is denied. (0x5)
[0812/235601.288:ERROR:process_reader_win.cc(151)] SuspendThread: Access is denied. (0x5)
[0812/235601.288:ERROR:process_reader_win.cc(151)] SuspendThread: Access is denied. (0x5)
[0812/235601.288:ERROR:process_reader_win.cc(151)] SuspendThread: Access is denied. (0x5)
[0812/235601.288:ERROR:process_reader_win.cc(151)] SuspendThread: Access is denied. (0x5)
[0812/235601.288:ERROR:process_reader_win.cc(151)] SuspendThread: Access is denied. (0x5)
[0812/235601.288:ERROR:process_reader_win.cc(151)] SuspendThread: Access is denied. (0x5)
[0812/235601.288:ERROR:process_reader_win.cc(151)] SuspendThread: Access is denied. (0x5)
[0812/235601.288:ERROR:process_reader_win.cc(151)] SuspendThread: Access is denied. (0x5)
[0812/235601.288:ERROR:process_reader_win.cc(151)] SuspendThread: Access is denied. (0x5)
[0812/235601.288:ERROR:process_reader_win.cc(151)] SuspendThread: Access is denied. (0x5)
[0812/235601.288:ERROR:process_reader_win.cc(151)] SuspendThread: Access is denied. (0x5)
[0812/235601.288:ERROR:process_reader_win.cc(151)] SuspendThread: Access is denied. (0x5)
[0812/235601.288:ERROR:process_reader_win.cc(151)] SuspendThread: Access is denied. (0x5)
[0812/235601.288:ERROR:process_reader_win.cc(151)] SuspendThread: Access is denied. (0x5)
[0812/235601.288:ERROR:process_reader_win.cc(151)] SuspendThread: Access is denied. (0x5)
[0812/235601.288:ERROR:process_reader_win.cc(151)] SuspendThread: Access is denied. (0x5)
[0812/235601.288:ERROR:process_reader_win.cc(151)] SuspendThread: Access is denied. (0x5)
[0812/235601.288:ERROR:process_reader_win.cc(151)] SuspendThread: Access is denied. (0x5)
[0812/235601.288:ERROR:process_reader_win.cc(151)] SuspendThread: Access is denied. (0x5)
[0812/235601.288:ERROR:process_reader_win.cc(151)] SuspendThread: Access is denied. (0x5)
[0812/235601.288:ERROR:process_reader_win.cc(151)] SuspendThread: Access is denied. (0x5)
[0812/235601.288:ERROR:process_reader_win.cc(151)] SuspendThread: Access is denied. (0x5)
[0812/235601.288:ERROR:process_reader_win.cc(151)] SuspendThread: Access is denied. (0x5)
[0812/235601.288:ERROR:process_reader_win.cc(151)] SuspendThread: Access is denied. (0x5)
[0812/235601.288:ERROR:process_reader_win.cc(151)] SuspendThread: Access is denied. (0x5)
[0812/235601.288:ERROR:process_reader_win.cc(151)] SuspendThread: Access is denied. (0x5)
[0812/235601.288:ERROR:process_reader_win.cc(151)] SuspendThread: Access is denied. (0x5)
[0812/235601.288:ERROR:process_reader_win.cc(151)] SuspendThread: Access is denied. (0x5)
[0812/235601.288:ERROR:process_reader_win.cc(151)] SuspendThread: Access is denied. (0x5)
[0812/235601.296:ERROR:process_reader_win.cc(151)] SuspendThread: Access is denied. (0x5)
[0812/235601.296:ERROR:process_reader_win.cc(151)] SuspendThread: Access is denied. (0x5)
[0812/235601.296:ERROR:process_reader_win.cc(151)] SuspendThread: Access is denied. (0x5)
[0812/235601.296:ERROR:process_reader_win.cc(151)] SuspendThread: Access is denied. (0x5)
[0812/235601.288:ERROR:process_reader_win.cc(123)] NtOpenThread: {Access Denied} A process has requested access to an object, but has not been granted those access rights. (0xc0000022)
[0812/235601.296:ERROR:exception_snapshot_win.cc(98)] thread ID 14024 not found in process
[0812/235601.288:ERROR:process_reader_win.cc(123)] NtOpenThread: {Access Denied} A process has requested access to an object, but has not been granted those access rights. (0xc0000022)
[0812/235601.296:ERROR:exception_snapshot_win.cc(98)] thread ID 2680 not found in process
[0812/235601.296:ERROR:process_reader_win.cc(151)] SuspendThread: Access is denied. (0x5)
[0812/235601.296:ERROR:process_reader_win.cc(151)] SuspendThread: Access is denied. (0x5)
[0812/235601.296:ERROR:process_reader_win.cc(151)] SuspendThread: Access is denied. (0x5)
[0812/235601.296:ERROR:process_reader_win.cc(151)] SuspendThread: Access is denied. (0x5)
[0812/235601.288:ERROR:process_reader_win.cc(123)] NtOpenThread: {Access Denied} A process has requested access to an object, but has not been granted those access rights. (0xc0000022)
[0812/235601.296:ERROR:process_reader_win.cc(151)] SuspendThread: Access is denied. (0x5)
[0812/235601.288:ERROR:process_reader_win.cc(123)] NtOpenThread: {Access Denied} A process has requested access to an object, but has not been granted those access rights. (0xc0000022)
[0812/235601.296:ERROR:exception_snapshot_win.cc(98)] thread ID 9020 not found in process
[0812/235601.288:ERROR:process_reader_win.cc(123)] NtOpenThread: {Access Denied} A process has requested access to an object, but has not been granted those access rights. (0xc0000022)
[0812/235601.296:ERROR:process_reader_win.cc(123)] NtOpenThread: {Access Denied} A process has requested access to an object, but has not been granted those access rights. (0xc0000022)
[0812/235601.296:ERROR:exception_snapshot_win.cc(98)] thread ID 3156 not found in process
[0812/235601.288:ERROR:process_reader_win.cc(123)] NtOpenThread: {Access Denied} A process has requested access to an object, but has not been granted those access rights. (0xc0000022)
[0812/235601.288:ERROR:process_reader_win.cc(123)] NtOpenThread: {Access Denied} A process has requested access to an object, but has not been granted those access rights. (0xc0000022)
[0812/235601.288:ERROR:process_reader_win.cc(123)] NtOpenThread: {Access Denied} A process has requested access to an object, but has not been granted those access rights. (0xc0000022)
[0812/235601.296:ERROR:exception_snapshot_win.cc(98)] thread ID 15272 not found in process
[0812/235601.296:ERROR:exception_snapshot_win.cc(98)] thread ID 13444 not found in process
[0812/235601.296:ERROR:exception_snapshot_win.cc(98)] thread ID 424 not found in process
[0812/235601.296:ERROR:exception_snapshot_win.cc(98)] thread ID 7704 not found in process
[0812/235601.296:ERROR:exception_snapshot_win.cc(98)] thread ID 9800 not found in process
[0812/235601.296:ERROR:process_reader_win.cc(151)] SuspendThread: Access is denied. (0x5)
[0812/235601.280:ERROR:process_reader_win.cc(123)] NtOpenThread: {Access Denied} A process has requested access to an object, but has not been granted those access rights. (0xc0000022)
[0812/235601.296:ERROR:process_reader_win.cc(151)] SuspendThread: Access is denied. (0x5)
[0812/235601.296:ERROR:process_reader_win.cc(151)] SuspendThread: Access is denied. (0x5)
[0812/235601.296:ERROR:process_reader_win.cc(151)] SuspendThread: Access is denied. (0x5)
[0812/235601.296:ERROR:exception_snapshot_win.cc(98)] thread ID 10692 not found in process
[0812/235601.296:ERROR:process_reader_win.cc(151)] SuspendThread: Access is denied. (0x5)
[0812/235601.296:ERROR:process_reader_win.cc(151)] SuspendThread: Access is denied. (0x5)
[0812/235601.296:ERROR:process_reader_win.cc(151)] SuspendThread: Access is denied. (0x5)
[0812/235601.296:ERROR:process_reader_win.cc(151)] SuspendThread: Access is denied. (0x5)
[0812/235601.296:ERROR:process_reader_win.cc(151)] SuspendThread: Access is denied. (0x5)
[0812/235601.296:ERROR:process_reader_win.cc(151)] SuspendThread: Access is denied. (0x5)
[0812/235601.296:ERROR:process_reader_win.cc(151)] SuspendThread: Access is denied. (0x5)
[0812/235601.296:ERROR:process_reader_win.cc(151)] SuspendThread: Access is denied. (0x5)
[0812/235601.296:ERROR:process_reader_win.cc(151)] SuspendThread: Access is denied. (0x5)
[0812/235601.296:ERROR:process_reader_win.cc(123)] NtOpenThread: {Access Denied} A process has requested access to an object, but has not been granted those access rights. (0xc0000022)
[0812/235601.296:ERROR:exception_snapshot_win.cc(98)] thread ID 9896 not found in process
[0812/235601.312:ERROR:process_reader_win.cc(151)] SuspendThread: Access is denied. (0x5)
[0812/235601.312:ERROR:process_reader_win.cc(151)] SuspendThread: Access is denied. (0x5)
[0812/235601.312:ERROR:process_reader_win.cc(151)] SuspendThread: Access is denied. (0x5)
[0812/235601.312:ERROR:process_reader_win.cc(151)] SuspendThread: Access is denied. (0x5)
[0812/235601.312:ERROR:process_reader_win.cc(151)] SuspendThread: Access is denied. (0x5)
[0812/235601.312:ERROR:process_reader_win.cc(151)] SuspendThread: Access is denied. (0x5)
[0812/235601.312:ERROR:process_reader_win.cc(151)] SuspendThread: Access is denied. (0x5)
[0812/235601.312:ERROR:process_reader_win.cc(151)] SuspendThread: Access is denied. (0x5)
[0812/235601.312:ERROR:process_reader_win.cc(151)] SuspendThread: Access is denied. (0x5)
[0812/235601.312:ERROR:process_reader_win.cc(151)] SuspendThread: Access is denied. (0x5)
[0812/235601.312:ERROR:process_reader_win.cc(151)] SuspendThread: Access is denied. (0x5)
[0812/235601.312:ERROR:process_reader_win.cc(151)] SuspendThread: Access is denied. (0x5)
[0812/235601.312:ERROR:process_reader_win.cc(151)] SuspendThread: Access is denied. (0x5)
[0812/235601.312:ERROR:process_reader_win.cc(123)] NtOpenThread: {Access Denied} A process has requested access to an object, but has not been granted those access rights. (0xc0000022)
[0812/235601.312:ERROR:exception_snapshot_win.cc(98)] thread ID 4640 not found in process
[0812/235601.320:ERROR:process_reader_win.cc(151)] SuspendThread: Access is denied. (0x5)
[0812/235601.320:ERROR:process_reader_win.cc(151)] SuspendThread: Access is denied. (0x5)
[0812/235601.320:ERROR:process_reader_win.cc(151)] SuspendThread: Access is denied. (0x5)
[0812/235601.320:ERROR:process_reader_win.cc(151)] SuspendThread: Access is denied. (0x5)
[0812/235601.320:ERROR:process_reader_win.cc(151)] SuspendThread: Access is denied. (0x5)
[0812/235601.320:ERROR:process_reader_win.cc(151)] SuspendThread: Access is denied. (0x5)
[0812/235601.320:ERROR:process_reader_win.cc(151)] SuspendThread: Access is denied. (0x5)
[0812/235601.320:ERROR:process_reader_win.cc(151)] SuspendThread: Access is denied. (0x5)
[0812/235601.320:ERROR:process_reader_win.cc(151)] SuspendThread: Access is denied. (0x5)
[0812/235601.320:ERROR:process_reader_win.cc(151)] SuspendThread: Access is denied. (0x5)
[0812/235601.320:ERROR:process_reader_win.cc(151)] SuspendThread: Access is denied. (0x5)
[0812/235601.320:ERROR:process_reader_win.cc(151)] SuspendThread: Access is denied. (0x5)
[0812/235601.320:ERROR:process_reader_win.cc(151)] SuspendThread: Access is denied. (0x5)
[0812/235601.320:ERROR:process_reader_win.cc(151)] SuspendThread: Access is denied. (0x5)
[0812/235601.320:ERROR:process_reader_win.cc(123)] NtOpenThread: {Access Denied} A process has requested access to an object, but has not been granted those access rights. (0xc0000022)
[0812/235601.320:ERROR:process_reader_win.cc(151)] SuspendThread: Access is denied. (0x5)
[0812/235601.320:ERROR:process_reader_win.cc(151)] SuspendThread: Access is denied. (0x5)
[0812/235601.320:ERROR:process_reader_win.cc(151)] SuspendThread: Access is denied. (0x5)
[0812/235601.320:ERROR:process_reader_win.cc(151)] SuspendThread: Access is denied. (0x5)
[0812/235601.320:ERROR:exception_snapshot_win.cc(98)] thread ID 4892 not found in process
[0812/235601.320:ERROR:process_reader_win.cc(151)] SuspendThread: Access is denied. (0x5)
[0812/235601.320:ERROR:process_reader_win.cc(151)] SuspendThread: Access is denied. (0x5)
[0812/235601.320:ERROR:process_reader_win.cc(151)] SuspendThread: Access is denied. (0x5)
[0812/235601.320:ERROR:process_reader_win.cc(151)] SuspendThread: Access is denied. (0x5)
[0812/235601.320:ERROR:process_reader_win.cc(151)] SuspendThread: Access is denied. (0x5)
[0812/235601.320:ERROR:process_reader_win.cc(151)] SuspendThread: Access is denied. (0x5)
[0812/235601.320:ERROR:process_reader_win.cc(151)] SuspendThread: Access is denied. (0x5)
[0812/235601.320:ERROR:process_reader_win.cc(151)] SuspendThread: Access is denied. (0x5)
[0812/235601.320:ERROR:process_reader_win.cc(151)] SuspendThread: Access is denied. (0x5)
[0812/235601.320:ERROR:process_reader_win.cc(151)] SuspendThread: Access is denied. (0x5)
[0812/235601.320:ERROR:process_reader_win.cc(151)] SuspendThread: Access is denied. (0x5)
[0812/235601.320:ERROR:process_reader_win.cc(151)] SuspendThread: Access is denied. (0x5)
[0812/235601.320:ERROR:process_reader_win.cc(151)] SuspendThread: Access is denied. (0x5)
[0812/235601.320:ERROR:process_reader_win.cc(151)] SuspendThread: Access is denied. (0x5)
[0812/235601.320:ERROR:process_reader_win.cc(151)] SuspendThread: Access is denied. (0x5)
[0812/235601.320:ERROR:process_reader_win.cc(151)] SuspendThread: Access is denied. (0x5)
[0812/235601.320:ERROR:process_reader_win.cc(151)] SuspendThread: Access is denied. (0x5)
[0812/235601.320:ERROR:process_reader_win.cc(151)] SuspendThread: Access is denied. (0x5)
[0812/235601.320:ERROR:process_reader_win.cc(123)] NtOpenThread: {Access Denied} A process has requested access to an object, but has not been granted those access rights. (0xc0000022)
[0812/235601.320:ERROR:process_reader_win.cc(151)] SuspendThread: Access is denied. (0x5)
[0812/235601.320:ERROR:process_reader_win.cc(151)] SuspendThread: Access is denied. (0x5)
[0812/235601.320:ERROR:process_reader_win.cc(151)] SuspendThread: Access is denied. (0x5)
[0812/235601.320:ERROR:exception_snapshot_win.cc(98)] thread ID 12320 not found in process
[0812/235601.320:ERROR:process_reader_win.cc(151)] SuspendThread: Access is denied. (0x5)
[0812/235601.320:ERROR:process_reader_win.cc(151)] SuspendThread: Access is denied. (0x5)
[0812/235601.320:ERROR:process_reader_win.cc(123)] NtOpenThread: {Access Denied} A process has requested access to an object, but has not been granted those access rights. (0xc0000022)
[0812/235601.320:ERROR:exception_snapshot_win.cc(98)] thread ID 13976 not found in process
[0812/235601.336:ERROR:process_reader_win.cc(151)] SuspendThread: Access is denied. (0x5)
[0812/235601.336:ERROR:process_reader_win.cc(151)] SuspendThread: Access is denied. (0x5)
[0812/235601.336:ERROR:process_reader_win.cc(151)] SuspendThread: Access is denied. (0x5)
[0812/235601.336:ERROR:process_reader_win.cc(151)] SuspendThread: Access is denied. (0x5)
[0812/235601.336:ERROR:process_reader_win.cc(151)] SuspendThread: Access is denied. (0x5)
[0812/235601.336:ERROR:process_reader_win.cc(151)] SuspendThread: Access is denied. (0x5)
[0812/235601.336:ERROR:process_reader_win.cc(151)] SuspendThread: Access is denied. (0x5)
[0812/235601.336:ERROR:process_reader_win.cc(151)] SuspendThread: Access is denied. (0x5)
[0812/235601.336:ERROR:process_reader_win.cc(151)] SuspendThread: Access is denied. (0x5)
[0812/235601.336:ERROR:process_reader_win.cc(151)] SuspendThread: Access is denied. (0x5)
[0812/235601.336:ERROR:process_reader_win.cc(151)] SuspendThread: Access is denied. (0x5)
[0812/235601.336:ERROR:process_reader_win.cc(151)] SuspendThread: Access is denied. (0x5)
[0812/235601.336:ERROR:process_reader_win.cc(151)] SuspendThread: Access is denied. (0x5)
[0812/235601.336:ERROR:process_reader_win.cc(123)] NtOpenThread: {Access Denied} A process has requested access to an object, but has not been granted those access rights. (0xc0000022)
[0812/235601.336:ERROR:exception_snapshot_win.cc(98)] thread ID 13660 not found in process
[0812/235601.344:ERROR:process_reader_win.cc(151)] SuspendThread: Access is denied. (0x5)
[0812/235601.344:ERROR:process_reader_win.cc(151)] SuspendThread: Access is denied. (0x5)
[0812/235601.344:ERROR:process_reader_win.cc(151)] SuspendThread: Access is denied. (0x5)
[0812/235601.344:ERROR:process_reader_win.cc(151)] SuspendThread: Access is denied. (0x5)
[0812/235601.344:ERROR:process_reader_win.cc(151)] SuspendThread: Access is denied. (0x5)
[0812/235601.344:ERROR:process_reader_win.cc(151)] SuspendThread: Access is denied. (0x5)
[0812/235601.344:ERROR:process_reader_win.cc(151)] SuspendThread: Access is denied. (0x5)
[0812/235601.344:ERROR:process_reader_win.cc(151)] SuspendThread: Access is denied. (0x5)
[0812/235601.344:ERROR:process_reader_win.cc(151)] SuspendThread: Access is denied. (0x5)
[0812/235601.344:ERROR:process_reader_win.cc(151)] SuspendThread: Access is denied. (0x5)
[0812/235601.344:ERROR:process_reader_win.cc(151)] SuspendThread: Access is denied. (0x5)
[0812/235601.352:ERROR:process_reader_win.cc(151)] SuspendThread: Access is denied. (0x5)
[0812/235601.352:ERROR:process_reader_win.cc(151)] SuspendThread: Access is denied. (0x5)
[0812/235601.352:ERROR:process_reader_win.cc(123)] NtOpenThread: {Access Denied} A process has requested access to an object, but has not been granted those access rights. (0xc0000022)
[0812/235601.352:ERROR:exception_snapshot_win.cc(98)] thread ID 12096 not found in process
[0812/235601.352:ERROR:process_reader_win.cc(151)] SuspendThread: Access is denied. (0x5)
[0812/235601.352:ERROR:process_reader_win.cc(151)] SuspendThread: Access is denied. (0x5)
[0812/235601.352:ERROR:process_reader_win.cc(151)] SuspendThread: Access is denied. (0x5)
[0812/235601.352:ERROR:process_reader_win.cc(151)] SuspendThread: Access is denied. (0x5)
[0812/235601.352:ERROR:process_reader_win.cc(151)] SuspendThread: Access is denied. (0x5)
[0812/235601.352:ERROR:process_reader_win.cc(151)] SuspendThread: Access is denied. (0x5)
[0812/235601.352:ERROR:process_reader_win.cc(151)] SuspendThread: Access is denied. (0x5)
[0812/235601.352:ERROR:process_reader_win.cc(151)] SuspendThread: Access is denied. (0x5)
[0812/235601.352:ERROR:process_reader_win.cc(151)] SuspendThread: Access is denied. (0x5)
[0812/235601.352:ERROR:process_reader_win.cc(151)] SuspendThread: Access is denied. (0x5)
[0812/235601.352:ERROR:process_reader_win.cc(151)] SuspendThread: Access is denied. (0x5)
[0812/235601.352:ERROR:process_reader_win.cc(151)] SuspendThread: Access is denied. (0x5)
[0812/235601.352:ERROR:process_reader_win.cc(151)] SuspendThread: Access is denied. (0x5)
[0812/235601.352:ERROR:process_reader_win.cc(123)] NtOpenThread: {Access Denied} A process has requested access to an object, but has not been granted those access rights. (0xc0000022)
[0812/235601.352:ERROR:exception_snapshot_win.cc(98)] thread ID 5252 not found in process
[0812/235601.368:ERROR:process_reader_win.cc(151)] SuspendThread: Access is denied. (0x5)
[0812/235601.368:ERROR:process_reader_win.cc(151)] SuspendThread: Access is denied. (0x5)
[0812/235601.368:ERROR:process_reader_win.cc(151)] SuspendThread: Access is denied. (0x5)
[0812/235601.368:ERROR:process_reader_win.cc(151)] SuspendThread: Access is denied. (0x5)
[0812/235601.368:ERROR:process_reader_win.cc(151)] SuspendThread: Access is denied. (0x5)
[0812/235601.368:ERROR:process_reader_win.cc(151)] SuspendThread: Access is denied. (0x5)
[0812/235601.368:ERROR:process_reader_win.cc(151)] SuspendThread: Access is denied. (0x5)
[0812/235601.368:ERROR:process_reader_win.cc(151)] SuspendThread: Access is denied. (0x5)
[0812/235601.368:ERROR:process_reader_win.cc(151)] SuspendThread: Access is denied. (0x5)
[0812/235601.368:ERROR:process_reader_win.cc(151)] SuspendThread: Access is denied. (0x5)
[0812/235601.368:ERROR:process_reader_win.cc(151)] SuspendThread: Access is denied. (0x5)
[0812/235601.368:ERROR:process_reader_win.cc(151)] SuspendThread: Access is denied. (0x5)
[0812/235601.368:ERROR:process_reader_win.cc(123)] NtOpenThread: {Access Denied} A process has requested access to an object, but has not been granted those access rights. (0xc0000022)
[0812/235601.368:ERROR:exception_snapshot_win.cc(98)] thread ID 15312 not found in process
[0812/235601.368:ERROR:process_reader_win.cc(151)] SuspendThread: Access is denied. (0x5)
[0812/235601.368:ERROR:process_reader_win.cc(151)] SuspendThread: Access is denied. (0x5)
[0812/235601.368:ERROR:process_reader_win.cc(151)] SuspendThread: Access is denied. (0x5)
[0812/235601.368:ERROR:process_reader_win.cc(151)] SuspendThread: Access is denied. (0x5)
[0812/235601.368:ERROR:process_reader_win.cc(151)] SuspendThread: Access is denied. (0x5)
[0812/235601.368:ERROR:process_reader_win.cc(151)] SuspendThread: Access is denied. (0x5)
[0812/235601.368:ERROR:process_reader_win.cc(151)] SuspendThread: Access is denied. (0x5)
[0812/235601.368:ERROR:process_reader_win.cc(151)] SuspendThread: Access is denied. (0x5)
[0812/235601.368:ERROR:process_reader_win.cc(151)] SuspendThread: Access is denied. (0x5)
[0812/235601.368:ERROR:process_reader_win.cc(151)] SuspendThread: Access is denied. (0x5)
[0812/235601.368:ERROR:process_reader_win.cc(151)] SuspendThread: Access is denied. (0x5)
[0812/235601.368:ERROR:process_reader_win.cc(151)] SuspendThread: Access is denied. (0x5)
[0812/235601.368:ERROR:process_reader_win.cc(123)] NtOpenThread: {Access Denied} A process has requested access to an object, but has not been granted those access rights. (0xc0000022)
[0812/235601.368:ERROR:exception_snapshot_win.cc(98)] thread ID 12752 not found in process
[0812/235601.376:ERROR:process_reader_win.cc(151)] SuspendThread: Access is denied. (0x5)
[0812/235601.376:ERROR:process_reader_win.cc(151)] SuspendThread: Access is denied. (0x5)
[0812/235601.376:ERROR:process_reader_win.cc(151)] SuspendThread: Access is denied. (0x5)
[0812/235601.376:ERROR:process_reader_win.cc(151)] SuspendThread: Access is denied. (0x5)
[0812/235601.376:ERROR:process_reader_win.cc(151)] SuspendThread: Access is denied. (0x5)
[0812/235601.376:ERROR:process_reader_win.cc(151)] SuspendThread: Access is denied. (0x5)
[0812/235601.376:ERROR:process_reader_win.cc(151)] SuspendThread: Access is denied. (0x5)
[0812/235601.376:ERROR:process_reader_win.cc(151)] SuspendThread: Access is denied. (0x5)
[0812/235601.376:ERROR:process_reader_win.cc(151)] SuspendThread: Access is denied. (0x5)
[0812/235601.376:ERROR:process_reader_win.cc(151)] SuspendThread: Access is denied. (0x5)
[0812/235601.376:ERROR:process_reader_win.cc(151)] SuspendThread: Access is denied. (0x5)
[0812/235601.376:ERROR:process_reader_win.cc(151)] SuspendThread: Access is denied. (0x5)
[0812/235601.376:ERROR:process_reader_win.cc(151)] SuspendThread: Access is denied. (0x5)
[0812/235601.376:ERROR:process_reader_win.cc(151)] SuspendThread: Access is denied. (0x5)
[0812/235601.376:ERROR:process_reader_win.cc(151)] SuspendThread: Access is denied. (0x5)
[0812/235601.376:ERROR:process_reader_win.cc(123)] NtOpenThread: {Access Denied} A process has requested access to an object, but has not been granted those access rights. (0xc0000022)
[0812/235601.376:ERROR:exception_snapshot_win.cc(98)] thread ID 6364 not found in process
[0822/014353.918:ERROR:process_info.cc(118)] ReadProcessMemory bool __cdecl crashpad::(anonymous namespace)::ReadStruct(HANDLE, crashpad::WinVMAddress, T *) [T = crashpad::process_types::PEB<crashpad::process_types::internal::Traits64>]: Only part of a ReadProcessMemory or WriteProcessMemory request was completed. (0x12B)
[0822/014353.918:ERROR:process_info.cc(118)] ReadProcessMemory bool __cdecl crashpad::(anonymous namespace)::ReadStruct(HANDLE, crashpad::WinVMAddress, T *) [T = crashpad::process_types::PEB<crashpad::process_types::internal::Traits64>]: Only part of a ReadProcessMemory or WriteProcessMemory request was completed. (0x12B)
[0822/014353.949:ERROR:process_info.cc(551)] ReadProcessData failed
[0822/014353.949:ERROR:process_info.cc(551)] ReadProcessData failed
[0822/014353.824:ERROR:scoped_process_suspend.cc(31)] NtSuspendProcess: An attempt was made to access an exiting process. (0xc000010a)
[0822/014353.949:ERROR:scoped_process_suspend.cc(40)] NtResumeProcess: An attempt was made to access an exiting process. (0xc000010a)
[0822/014353.824:ERROR:scoped_process_suspend.cc(31)] NtSuspendProcess: An attempt was made to access an exiting process. (0xc000010a)
[0822/014353.824:ERROR:scoped_process_suspend.cc(31)] NtSuspendProcess: An attempt was made to access an exiting process. (0xc000010a)
[0822/014353.949:ERROR:scoped_process_suspend.cc(40)] NtResumeProcess: An attempt was made to access an exiting process. (0xc000010a)
[0822/014353.965:ERROR:process_info.cc(118)] ReadProcessMemory bool __cdecl crashpad::(anonymous namespace)::ReadStruct(HANDLE, crashpad::WinVMAddress, T *) [T = crashpad::process_types::PEB<crashpad::process_types::internal::Traits64>]: Only part of a ReadProcessMemory or WriteProcessMemory request was completed. (0x12B)
[0822/014353.824:ERROR:scoped_process_suspend.cc(31)] NtSuspendProcess: An attempt was made to access an exiting process. (0xc000010a)
[0822/014353.965:ERROR:process_info.cc(551)] ReadProcessData failed
[0822/014353.965:ERROR:process_info.cc(118)] ReadProcessMemory bool __cdecl crashpad::(anonymous namespace)::ReadStruct(HANDLE, crashpad::WinVMAddress, T *) [T = crashpad::process_types::PEB<crashpad::process_types::internal::Traits64>]: Only part of a ReadProcessMemory or WriteProcessMemory request was completed. (0x12B)
[0822/014353.965:ERROR:process_info.cc(118)] ReadProcessMemory bool __cdecl crashpad::(anonymous namespace)::ReadStruct(HANDLE, crashpad::WinVMAddress, T *) [T = crashpad::process_types::PEB<crashpad::process_types::internal::Traits64>]: Only part of a ReadProcessMemory or WriteProcessMemory request was completed. (0x12B)
[0822/014353.965:ERROR:process_info.cc(551)] ReadProcessData failed
[0822/014353.965:ERROR:process_info.cc(551)] ReadProcessData failed
[0822/014353.965:ERROR:process_info.cc(118)] ReadProcessMemory bool __cdecl crashpad::(anonymous namespace)::ReadStruct(HANDLE, crashpad::WinVMAddress, T *) [T = crashpad::process_types::PEB<crashpad::process_types::internal::Traits64>]: Only part of a ReadProcessMemory or WriteProcessMemory request was completed. (0x12B)
[0822/014353.965:ERROR:process_info.cc(551)] ReadProcessData failed
